<?xml version="1.0" encoding="UTF-8"?>
<!-- Generated by org.testng.reporters.JUnitXMLReporter -->
<testsuite ignored="0" hostname="Mahakal" failures="1" tests="1" name="Surefire test" time="0.3" errors="0" timestamp="2026-06-07T20:27:07 IST">
  <testcase classname="com.javaPractice.tests.loginTest" name="testLogin" time="0.109">
    <failure type="java.lang.NullPointerException" message="Cannot invoke &amp;quot;org.openqa.selenium.WebDriver.findElement(org.openqa.selenium.By)&amp;quot; because &amp;quot;this.driver&amp;quot; is null">
      <![CDATA[java.lang.NullPointerException: Cannot invoke "org.openqa.selenium.WebDriver.findElement(org.openqa.selenium.By)" because "this.driver" is null
at com.practice.Utils.SeleniumHelper.findElementSafely(SeleniumHelper.java:13)
at com.javaPractice.tests.loginTest.testLogin(loginTest.java:14)
at java.base/java.util.ArrayList.forEach(ArrayList.java:1511)
... Removed 32 stack frames]]>
    </failure>
  </testcase> <!-- testLogin -->
</testsuite> <!-- Surefire test -->
