<?xml version="1.0" encoding="UTF-8"?>
<testng-results ignored="0" total="1" passed="1" failed="0" skipped="0">
  <reporter-output>
  </reporter-output>
  <suite started-at="2026-07-16T01:19:17 IST" name="Surefire suite" finished-at="2026-07-16T01:19:17 IST" duration-ms="270">
    <groups>
    </groups>
    <test started-at="2026-07-16T01:19:17 IST" name="Surefire test" finished-at="2026-07-16T01:19:17 IST" duration-ms="270">
      <class name="com.javaPractice.tests.loginTest">
        <test-method signature="testLogin()[pri:0, instance:com.javaPractice.tests.loginTest@6d3a388c]" started-at="2026-07-16T01:19:17 IST" name="testLogin" finished-at="2026-07-16T01:19:17 IST" duration-ms="107" status="PASS">
          <reporter-output>
          </reporter-output>
        </test-method> <!-- testLogin -->
      </class> <!-- com.javaPractice.tests.loginTest -->
    </test> <!-- Surefire test -->
  </suite> <!-- Surefire suite -->
</testng-results>
